<?xml version="1.0" encoding="UTF-8"?>
<!-- Generated by org.testng.reporters.JUnitXMLReporter -->
<testsuite ignored="0" hostname="DESKTOP-4BKBI4A" failures="0" tests="10" name="Surefire test" time="39.559" errors="0" timestamp="2023-01-14T21:08:51 EET">
  <testcase classname="org.spritecloud.petstoreapi.tests.PetApiTests" name="addPetTest" time="4.787"/>
  <testcase classname="org.spritecloud.petstoreapi.tests.PetApiTests" name="getPetTest" time="0.935"/>
  <testcase classname="org.spritecloud.petstoreapi.tests.PetApiTests" name="updatePetTest" time="2.788"/>
  <testcase classname="org.spritecloud.petstoreapi.tests.PetApiTests" name="getUpdatedPetTest" time="1.457"/>
  <testcase classname="org.spritecloud.petstoreapi.tests.PetApiTests" name="deletePetTest" time="1.037"/>
  <testcase classname="org.spritecloud.petstoreapi.tests.PetApiTests" name="deleteDeletedPetTest" time="0.902"/>
  <testcase classname="uiplayground.tests.UiTestingPlaygroundTests" name="dynamicIdPageTest" time="23.612"/>
  <testcase classname="uiplayground.tests.UiTestingPlaygroundTests" name="dynamicTablePageTest" time="1.66"/>
  <testcase classname="uiplayground.tests.UiTestingPlaygroundTests" name="overlappedElementPageTest" time="1.027"/>
  <testcase classname="uiplayground.tests.UiTestingPlaygroundTests" name="sampleAppPageTest" time="1.188"/>
</testsuite> <!-- Surefire test -->
