<?xml version="1.0" encoding="UTF-8"?>
<!-- Generated by org.testng.reporters.JUnitXMLReporter -->
<testsuite ignored="0" hostname="fv-az642-566" failures="0" tests="10" name="Surefire test" time="8.065" errors="0" timestamp="2023-01-14T16:52:44 UTC">
  <testcase classname="org.spritecloud.petstoreapi.tests.PetApiTests" name="addPetTest" time="2.163"/>
  <testcase classname="org.spritecloud.petstoreapi.tests.PetApiTests" name="getPetTest" time="0.353"/>
  <testcase classname="org.spritecloud.petstoreapi.tests.PetApiTests" name="updatePetTest" time="0.969"/>
  <testcase classname="org.spritecloud.petstoreapi.tests.PetApiTests" name="getUpdatedPetTest" time="0.349"/>
  <testcase classname="org.spritecloud.petstoreapi.tests.PetApiTests" name="deletePetTest" time="0.345"/>
  <testcase classname="org.spritecloud.petstoreapi.tests.PetApiTests" name="deleteDeletedPetTest" time="0.334"/>
  <testcase classname="uiplayground.tests.UiTestingPlaygroundTests" name="dynamicIdPageTest" time="1.623"/>
  <testcase classname="uiplayground.tests.UiTestingPlaygroundTests" name="dynamicTablePageTest" time="0.697"/>
  <testcase classname="uiplayground.tests.UiTestingPlaygroundTests" name="overlappedElementPageTest" time="0.525"/>
  <testcase classname="uiplayground.tests.UiTestingPlaygroundTests" name="sampleAppPageTest" time="0.591"/>
</testsuite> <!-- Surefire test -->
