<?xml version="1.0" encoding="UTF-8"?>
<testng-results ignored="0" total="10" passed="10" failed="0" skipped="0">
  <reporter-output>
  </reporter-output>
  <suite started-at="2023-01-14T22:43:50 UTC" name="Surefire suite" finished-at="2023-01-14T22:43:58 UTC" duration-ms="8003">
    <groups>
    </groups>
    <test started-at="2023-01-14T22:43:50 UTC" name="Surefire test" finished-at="2023-01-14T22:43:58 UTC" duration-ms="8003">
      <class name="uiplayground.tests.UiTestingPlaygroundTests">
        <test-method is-config="true" signature="initializeDriver()[pri:0, instance:uiplayground.tests.UiTestingPlaygroundTests@119c745c]" started-at="2023-01-14T22:43:54 UTC" name="initializeDriver" finished-at="2023-01-14T22:43:54 UTC" duration-ms="10" status="PASS">
          <reporter-output>
          </reporter-output>
        </test-method> <!-- initializeDriver -->
        <test-method signature="dynamicIdPageTest()[pri:0, instance:uiplayground.tests.UiTestingPlaygroundTests@119c745c]" started-at="2023-01-14T22:43:54 UTC" name="dynamicIdPageTest" finished-at="2023-01-14T22:43:56 UTC" duration-ms="1878" status="PASS">
          <reporter-output>
          </reporter-output>
        </test-method> <!-- dynamicIdPageTest -->
        <test-method signature="dynamicTablePageTest()[pri:0, instance:uiplayground.tests.UiTestingPlaygroundTests@119c745c]" started-at="2023-01-14T22:43:56 UTC" name="dynamicTablePageTest" finished-at="2023-01-14T22:43:57 UTC" duration-ms="723" status="PASS">
          <reporter-output>
          </reporter-output>
        </test-method> <!-- dynamicTablePageTest -->
        <test-method signature="overlappedElementPageTest()[pri:0, instance:uiplayground.tests.UiTestingPlaygroundTests@119c745c]" started-at="2023-01-14T22:43:57 UTC" name="overlappedElementPageTest" finished-at="2023-01-14T22:43:57 UTC" duration-ms="542" status="PASS">
          <reporter-output>
          </reporter-output>
        </test-method> <!-- overlappedElementPageTest -->
        <test-method signature="sampleAppPageTest()[pri:0, instance:uiplayground.tests.UiTestingPlaygroundTests@119c745c]" started-at="2023-01-14T22:43:57 UTC" name="sampleAppPageTest" finished-at="2023-01-14T22:43:58 UTC" duration-ms="563" status="PASS">
          <reporter-output>
          </reporter-output>
        </test-method> <!-- sampleAppPageTest -->
        <test-method is-config="true" signature="tearDown()[pri:0, instance:uiplayground.tests.UiTestingPlaygroundTests@119c745c]" started-at="2023-01-14T22:43:58 UTC" name="tearDown" finished-at="2023-01-14T22:43:58 UTC" duration-ms="66" status="PASS">
          <reporter-output>
          </reporter-output>
        </test-method> <!-- tearDown -->
      </class> <!-- uiplayground.tests.UiTestingPlaygroundTests -->
      <class name="org.spritecloud.petstoreapi.tests.PetApiTests">
        <test-method signature="addPetTest()[pri:1, instance:org.spritecloud.petstoreapi.tests.PetApiTests@37f1104d]" started-at="2023-01-14T22:43:50 UTC" name="addPetTest" finished-at="2023-01-14T22:43:52 UTC" duration-ms="1900" status="PASS">
          <reporter-output>
          </reporter-output>
        </test-method> <!-- addPetTest -->
        <test-method signature="getPetTest()[pri:2, instance:org.spritecloud.petstoreapi.tests.PetApiTests@37f1104d]" started-at="2023-01-14T22:43:52 UTC" name="getPetTest" finished-at="2023-01-14T22:43:52 UTC" duration-ms="359" status="PASS">
          <reporter-output>
          </reporter-output>
        </test-method> <!-- getPetTest -->
        <test-method signature="updatePetTest()[pri:3, instance:org.spritecloud.petstoreapi.tests.PetApiTests@37f1104d]" started-at="2023-01-14T22:43:52 UTC" name="updatePetTest" finished-at="2023-01-14T22:43:53 UTC" duration-ms="894" status="PASS">
          <reporter-output>
          </reporter-output>
        </test-method> <!-- updatePetTest -->
        <test-method signature="getUpdatedPetTest()[pri:4, instance:org.spritecloud.petstoreapi.tests.PetApiTests@37f1104d]" started-at="2023-01-14T22:43:53 UTC" name="getUpdatedPetTest" finished-at="2023-01-14T22:43:54 UTC" duration-ms="333" status="PASS">
          <reporter-output>
          </reporter-output>
        </test-method> <!-- getUpdatedPetTest -->
        <test-method signature="deletePetTest()[pri:5, instance:org.spritecloud.petstoreapi.tests.PetApiTests@37f1104d]" started-at="2023-01-14T22:43:54 UTC" name="deletePetTest" finished-at="2023-01-14T22:43:54 UTC" duration-ms="355" status="PASS">
          <reporter-output>
          </reporter-output>
        </test-method> <!-- deletePetTest -->
        <test-method signature="deleteDeletedPetTest()[pri:6, instance:org.spritecloud.petstoreapi.tests.PetApiTests@37f1104d]" started-at="2023-01-14T22:43:54 UTC" name="deleteDeletedPetTest" finished-at="2023-01-14T22:43:54 UTC" duration-ms="324" status="PASS">
          <reporter-output>
          </reporter-output>
        </test-method> <!-- deleteDeletedPetTest -->
      </class> <!-- org.spritecloud.petstoreapi.tests.PetApiTests -->
    </test> <!-- Surefire test -->
  </suite> <!-- Surefire suite -->
</testng-results>
