-------------------------------------------------------------------------------
Test set: TestSuite
-------------------------------------------------------------------------------
Tests run: 10, Failures: 4, Errors: 0, Skipped: 0, Time elapsed: 17.989 s <<< FAILURE! - in TestSuite
getPetTest(org.spritecloud.petstoreapi.tests.PetApiTests)  Time elapsed: 0.49 s  <<< FAILURE!
java.lang.RuntimeException: 
com.fasterxml.jackson.databind.exc.UnrecognizedPropertyException: Unrecognized field "code" (class org.spritecloud.petstoreapi.objects.pojo.Pet), not marked as ignorable (6 known properties: "status", "photoUrls", "tags", "id", "category", "name"])
 at [Source: (String)"{"code":1,"type":"error","message":"Pet not found"}"; line: 1, column: 10] (through reference chain: org.spritecloud.petstoreapi.objects.pojo.Pet["code"])
	at org.spritecloud.petstoreapi.tests.PetApiTests.getPetTest(PetApiTests.java:42)
Caused by: com.fasterxml.jackson.databind.exc.UnrecognizedPropertyException: 
Unrecognized field "code" (class org.spritecloud.petstoreapi.objects.pojo.Pet), not marked as ignorable (6 known properties: "status", "photoUrls", "tags", "id", "category", "name"])
 at [Source: (String)"{"code":1,"type":"error","message":"Pet not found"}"; line: 1, column: 10] (through reference chain: org.spritecloud.petstoreapi.objects.pojo.Pet["code"])
	at org.spritecloud.petstoreapi.tests.PetApiTests.getPetTest(PetApiTests.java:42)

updatePetTest(org.spritecloud.petstoreapi.tests.PetApiTests)  Time elapsed: 0.484 s  <<< FAILURE!
java.lang.AssertionError: expected [200] but found [404]
	at org.spritecloud.petstoreapi.tests.PetApiTests.updatePetTest(PetApiTests.java:56)

getUpdatedPetTest(org.spritecloud.petstoreapi.tests.PetApiTests)  Time elapsed: 0.45 s  <<< FAILURE!
java.lang.RuntimeException: 
com.fasterxml.jackson.databind.exc.UnrecognizedPropertyException: Unrecognized field "code" (class org.spritecloud.petstoreapi.objects.pojo.Pet), not marked as ignorable (6 known properties: "status", "photoUrls", "tags", "id", "category", "name"])
 at [Source: (String)"{"code":1,"type":"error","message":"Pet not found"}"; line: 1, column: 10] (through reference chain: org.spritecloud.petstoreapi.objects.pojo.Pet["code"])
	at org.spritecloud.petstoreapi.tests.PetApiTests.getUpdatedPetTest(PetApiTests.java:68)
Caused by: com.fasterxml.jackson.databind.exc.UnrecognizedPropertyException: 
Unrecognized field "code" (class org.spritecloud.petstoreapi.objects.pojo.Pet), not marked as ignorable (6 known properties: "status", "photoUrls", "tags", "id", "category", "name"])
 at [Source: (String)"{"code":1,"type":"error","message":"Pet not found"}"; line: 1, column: 10] (through reference chain: org.spritecloud.petstoreapi.objects.pojo.Pet["code"])
	at org.spritecloud.petstoreapi.tests.PetApiTests.getUpdatedPetTest(PetApiTests.java:68)

deletePetTest(org.spritecloud.petstoreapi.tests.PetApiTests)  Time elapsed: 0.435 s  <<< FAILURE!
java.lang.AssertionError: expected [200] but found [404]
	at org.spritecloud.petstoreapi.tests.PetApiTests.deletePetTest(PetApiTests.java:83)

