<?xml version="1.0" encoding="UTF-8"?>
<testng-results ignored="0" total="10" passed="10" failed="0" skipped="0">
  <reporter-output>
  </reporter-output>
  <suite started-at="2023-01-14T19:37:34 UTC" name="Surefire suite" finished-at="2023-01-14T19:37:38 UTC" duration-ms="4714">
    <groups>
    </groups>
    <test started-at="2023-01-14T19:37:34 UTC" name="Surefire test" finished-at="2023-01-14T19:37:38 UTC" duration-ms="4714">
      <class name="uiplayground.tests.UiTestingPlaygroundTests">
        <test-method is-config="true" signature="initializeDriver()[pri:0, instance:uiplayground.tests.UiTestingPlaygroundTests@987455b]" started-at="2023-01-14T19:37:37 UTC" name="initializeDriver" finished-at="2023-01-14T19:37:37 UTC" duration-ms="16" status="PASS">
          <reporter-output>
          </reporter-output>
        </test-method> <!-- initializeDriver -->
        <test-method signature="dynamicIdPageTest()[pri:0, instance:uiplayground.tests.UiTestingPlaygroundTests@987455b]" started-at="2023-01-14T19:37:37 UTC" name="dynamicIdPageTest" finished-at="2023-01-14T19:37:37 UTC" duration-ms="567" status="PASS">
          <reporter-output>
          </reporter-output>
        </test-method> <!-- dynamicIdPageTest -->
        <test-method signature="dynamicTablePageTest()[pri:0, instance:uiplayground.tests.UiTestingPlaygroundTests@987455b]" started-at="2023-01-14T19:37:37 UTC" name="dynamicTablePageTest" finished-at="2023-01-14T19:37:38 UTC" duration-ms="438" status="PASS">
          <reporter-output>
          </reporter-output>
        </test-method> <!-- dynamicTablePageTest -->
        <test-method signature="overlappedElementPageTest()[pri:0, instance:uiplayground.tests.UiTestingPlaygroundTests@987455b]" started-at="2023-01-14T19:37:38 UTC" name="overlappedElementPageTest" finished-at="2023-01-14T19:37:38 UTC" duration-ms="249" status="PASS">
          <reporter-output>
          </reporter-output>
        </test-method> <!-- overlappedElementPageTest -->
        <test-method signature="sampleAppPageTest()[pri:0, instance:uiplayground.tests.UiTestingPlaygroundTests@987455b]" started-at="2023-01-14T19:37:38 UTC" name="sampleAppPageTest" finished-at="2023-01-14T19:37:38 UTC" duration-ms="329" status="PASS">
          <reporter-output>
          </reporter-output>
        </test-method> <!-- sampleAppPageTest -->
        <test-method is-config="true" signature="tearDown()[pri:0, instance:uiplayground.tests.UiTestingPlaygroundTests@987455b]" started-at="2023-01-14T19:37:38 UTC" name="tearDown" finished-at="2023-01-14T19:37:38 UTC" duration-ms="56" status="PASS">
          <reporter-output>
          </reporter-output>
        </test-method> <!-- tearDown -->
      </class> <!-- uiplayground.tests.UiTestingPlaygroundTests -->
      <class name="org.spritecloud.petstoreapi.tests.PetApiTests">
        <test-method signature="addPetTest()[pri:1, instance:org.spritecloud.petstoreapi.tests.PetApiTests@2b4bac49]" started-at="2023-01-14T19:37:34 UTC" name="addPetTest" finished-at="2023-01-14T19:37:36 UTC" duration-ms="1879" status="PASS">
          <reporter-output>
          </reporter-output>
        </test-method> <!-- addPetTest -->
        <test-method signature="getPetTest()[pri:2, instance:org.spritecloud.petstoreapi.tests.PetApiTests@2b4bac49]" started-at="2023-01-14T19:37:36 UTC" name="getPetTest" finished-at="2023-01-14T19:37:36 UTC" duration-ms="142" status="PASS">
          <reporter-output>
          </reporter-output>
        </test-method> <!-- getPetTest -->
        <test-method signature="updatePetTest()[pri:3, instance:org.spritecloud.petstoreapi.tests.PetApiTests@2b4bac49]" started-at="2023-01-14T19:37:36 UTC" name="updatePetTest" finished-at="2023-01-14T19:37:36 UTC" duration-ms="649" status="PASS">
          <reporter-output>
          </reporter-output>
        </test-method> <!-- updatePetTest -->
        <test-method signature="getUpdatedPetTest()[pri:4, instance:org.spritecloud.petstoreapi.tests.PetApiTests@2b4bac49]" started-at="2023-01-14T19:37:36 UTC" name="getUpdatedPetTest" finished-at="2023-01-14T19:37:36 UTC" duration-ms="118" status="PASS">
          <reporter-output>
          </reporter-output>
        </test-method> <!-- getUpdatedPetTest -->
        <test-method signature="deletePetTest()[pri:5, instance:org.spritecloud.petstoreapi.tests.PetApiTests@2b4bac49]" started-at="2023-01-14T19:37:36 UTC" name="deletePetTest" finished-at="2023-01-14T19:37:37 UTC" duration-ms="122" status="PASS">
          <reporter-output>
          </reporter-output>
        </test-method> <!-- deletePetTest -->
        <test-method signature="deleteDeletedPetTest()[pri:6, instance:org.spritecloud.petstoreapi.tests.PetApiTests@2b4bac49]" started-at="2023-01-14T19:37:37 UTC" name="deleteDeletedPetTest" finished-at="2023-01-14T19:37:37 UTC" duration-ms="108" status="PASS">
          <reporter-output>
          </reporter-output>
        </test-method> <!-- deleteDeletedPetTest -->
      </class> <!-- org.spritecloud.petstoreapi.tests.PetApiTests -->
    </test> <!-- Surefire test -->
  </suite> <!-- Surefire suite -->
</testng-results>
